<?xml version="1.0" encoding="UTF-8"?>
<testng-results skipped="0" failed="0" ignored="0" total="1" passed="1">
  <reporter-output>
  </reporter-output>
  <suite name="Default suite" duration-ms="83947" started-at="2018-02-26T07:07:48Z" finished-at="2018-02-26T07:09:12Z">
    <groups>
    </groups>
    <test name="Default test" duration-ms="83947" started-at="2018-02-26T07:07:48Z" finished-at="2018-02-26T07:09:12Z">
      <class name="com.testng.ex.NewTest">
        <test-method status="PASS" signature="beforeMethod()[pri:0, instance:com.testng.ex.NewTest@5e5792a0]" name="beforeMethod" is-config="true" duration-ms="55255" started-at="2018-02-26T07:07:48Z" finished-at="2018-02-26T07:08:43Z">
          <reporter-output>
          </reporter-output>
        </test-method> <!-- beforeMethod -->
        <test-method status="PASS" signature="test1()[pri:0, instance:com.testng.ex.NewTest@5e5792a0]" name="test1" duration-ms="10" started-at="2018-02-26T07:08:43Z" finished-at="2018-02-26T07:08:43Z">
          <reporter-output>
          </reporter-output>
        </test-method> <!-- test1 -->
        <test-method status="PASS" signature="afterMethod()[pri:0, instance:com.testng.ex.NewTest@5e5792a0]" name="afterMethod" is-config="true" duration-ms="28644" started-at="2018-02-26T07:08:43Z" finished-at="2018-02-26T07:09:12Z">
          <reporter-output>
          </reporter-output>
        </test-method> <!-- afterMethod -->
      </class> <!-- com.testng.ex.NewTest -->
    </test> <!-- Default test -->
  </suite> <!-- Default suite -->
</testng-results>
